<?xml version="1.0" encoding="UTF-8"?>
<!-- Generated by org.testng.reporters.JUnitReportReporter -->
<testsuite hostname="Deskstop" failures="0" tests="2" name="testngExamples.Exp_Testng" time="0.008" errors="0" timestamp="8 Mar 2024 14:14:29 GMT">
  <testcase classname="testngExamples.Exp_Testng" name="delEmp" time="0.002"/>
  <testcase classname="testngExamples.Exp_Testng" name="addEmp" time="0.006"/>
</testsuite> <!-- testngExamples.Exp_Testng -->
